# JRE version: Java(TM) SE Runtime Environment (17.0.4.1+1) (build 17.0.4.1+1-LTS-2)
# Java VM: Java HotSpot(TM) 64-Bit Server VM (17.0.4.1+1-LTS-2, mixed mode, sharing, tiered, compressed oops, compressed class ptrs, g1 gc, windows-amd64)
GC Precious Log:
 CPUs: 4 total, 4 available
 Memory: 3753M
 Large Page Support: Disabled
 NUMA Support: Disabled
 Compressed Oops: Enabled (32-bit)
 Heap Region Size: 1M
 Heap Min Capacity: 8M
 Heap Initial Capacity: 8M
 Heap Max Capacity: 940M
 Pre-touch: Disabled
 Parallel Workers: 4
 Concurrent Workers: 1
 Concurrent Refinement Workers: 4
 Periodic GC: Disabled
Heap:
 garbage-first heap   total 8192K, used 3044K [0x00000000c5400000, 0x0000000100000000)
  region size 1024K, 1 young (1024K), 1 survivors (1024K)
 Metaspace       used 7890K, committed 8000K, reserved 1064960K
  class space    used 897K, committed 960K, reserved 1048576K
GC Heap History (8 events):
Event: 0.621 GC heap before
{Heap before GC invocations=0 (full 0):
 garbage-first heap   total 8192K, used 3072K [0x00000000c5400000, 0x0000000100000000)
  region size 1024K, 3 young (3072K), 0 survivors (0K)
 Metaspace       used 2579K, committed 2752K, reserved 1056768K
  class space    used 298K, committed 384K, reserved 1048576K
}
Event: 0.624 GC heap after
{Heap after GC invocations=1 (full 0):
 garbage-first heap   total 8192K, used 1318K [0x00000000c5400000, 0x0000000100000000)
  region size 1024K, 1 young (1024K), 1 survivors (1024K)
 Metaspace       used 2579K, committed 2752K, reserved 1056768K
  class space    used 298K, committed 384K, reserved 1048576K
}
Event: 0.752 GC heap before
{Heap before GC invocations=1 (full 0):
 garbage-first heap   total 8192K, used 2342K [0x00000000c5400000, 0x0000000100000000)
  region size 1024K, 2 young (2048K), 1 survivors (1024K)
 Metaspace       used 4565K, committed 4736K, reserved 1056768K
  class space    used 574K, committed 640K, reserved 1048576K
}
Event: 0.755 GC heap after
{Heap after GC invocations=2 (full 0):
 garbage-first heap   total 8192K, used 1974K [0x00000000c5400000, 0x0000000100000000)
  region size 1024K, 1 young (1024K), 1 survivors (1024K)
 Metaspace       used 4565K, committed 4736K, reserved 1056768K
  class space    used 574K, committed 640K, reserved 1048576K
}
Event: 0.869 GC heap before
{Heap before GC invocations=2 (full 0):
 garbage-first heap   total 8192K, used 2998K [0x00000000c5400000, 0x0000000100000000)
  region size 1024K, 2 young (2048K), 1 survivors (1024K)
 Metaspace       used 6390K, committed 6592K, reserved 1064960K
  class space    used 771K, committed 832K, reserved 1048576K
}
Event: 0.870 GC heap after
{Heap after GC invocations=3 (full 0):
 garbage-first heap   total 8192K, used 2375K [0x00000000c5400000, 0x0000000100000000)
  region size 1024K, 1 young (1024K), 1 survivors (1024K)
 Metaspace       used 6390K, committed 6592K, reserved 1064960K
  class space    used 771K, committed 832K, reserved 1048576K
}
Event: 1.020 GC heap before
{Heap before GC invocations=3 (full 0):
 garbage-first heap   total 8192K, used 2375K [0x00000000c5400000, 0x0000000100000000)
  region size 1024K, 2 young (2048K), 1 survivors (1024K)
 Metaspace       used 7668K, committed 7808K, reserved 1064960K
  class space    used 893K, committed 960K, reserved 1048576K
}
Event: 1.021 GC heap after
{Heap after GC invocations=4 (full 0):
 garbage-first heap   total 8192K, used 2652K [0x00000000c5400000, 0x0000000100000000)
  region size 1024K, 1 young (1024K), 1 survivors (1024K)
 Metaspace       used 7668K, committed 7808K, reserved 1064960K
  class space    used 893K, committed 960K, reserved 1048576K
}

