# JRE version: Java(TM) SE Runtime Environment (17.0.4.1+1) (build 17.0.4.1+1-LTS-2)
# Java VM: Java HotSpot(TM) 64-Bit Server VM (17.0.4.1+1-LTS-2, mixed mode, sharing, tiered, compressed oops, compressed class ptrs, g1 gc, windows-amd64)
GC Precious Log:
 CPUs: 4 total, 4 available
 Memory: 3753M
 Large Page Support: Disabled
 NUMA Support: Disabled
 Compressed Oops: Enabled (32-bit)
 Heap Region Size: 1M
 Heap Min Capacity: 8M
 Heap Initial Capacity: 8M
 Heap Max Capacity: 940M
 Pre-touch: Disabled
 Parallel Workers: 4
 Concurrent Workers: 1
 Concurrent Refinement Workers: 4
 Periodic GC: Disabled
Heap:
 garbage-first heap   total 10240K, used 3050K [0x00000000c5400000, 0x0000000100000000)
  region size 1024K, 2 young (2048K), 1 survivors (1024K)
 Metaspace       used 7905K, committed 8000K, reserved 1064960K
  class space    used 898K, committed 960K, reserved 1048576K
GC Heap History (12 events):
Event: 0.386 GC heap before
{Heap before GC invocations=0 (full 0):
 garbage-first heap   total 8192K, used 3072K [0x00000000c5400000, 0x0000000100000000)
  region size 1024K, 3 young (3072K), 0 survivors (0K)
 Metaspace       used 2578K, committed 2752K, reserved 1056768K
  class space    used 298K, committed 384K, reserved 1048576K
}
Event: 0.390 GC heap after
{Heap after GC invocations=1 (full 0):
 garbage-first heap   total 8192K, used 1333K [0x00000000c5400000, 0x0000000100000000)
  region size 1024K, 1 young (1024K), 1 survivors (1024K)
 Metaspace       used 2578K, committed 2752K, reserved 1056768K
  class space    used 298K, committed 384K, reserved 1048576K
}
Event: 0.538 GC heap before
{Heap before GC invocations=1 (full 0):
 garbage-first heap   total 8192K, used 2357K [0x00000000c5400000, 0x0000000100000000)
  region size 1024K, 2 young (2048K), 1 survivors (1024K)
 Metaspace       used 4566K, committed 4736K, reserved 1056768K
  class space    used 573K, committed 640K, reserved 1048576K
}
Event: 0.541 GC heap after
{Heap after GC invocations=2 (full 0):
 garbage-first heap   total 8192K, used 1903K [0x00000000c5400000, 0x0000000100000000)
  region size 1024K, 1 young (1024K), 1 survivors (1024K)
 Metaspace       used 4566K, committed 4736K, reserved 1056768K
  class space    used 573K, committed 640K, reserved 1048576K
}
Event: 0.639 GC heap before
{Heap before GC invocations=2 (full 0):
 garbage-first heap   total 8192K, used 2927K [0x00000000c5400000, 0x0000000100000000)
  region size 1024K, 2 young (2048K), 1 survivors (1024K)
 Metaspace       used 6397K, committed 6592K, reserved 1064960K
  class space    used 771K, committed 832K, reserved 1048576K
}
Event: 0.641 GC heap after
{Heap after GC invocations=3 (full 0):
 garbage-first heap   total 8192K, used 2386K [0x00000000c5400000, 0x0000000100000000)
  region size 1024K, 1 young (1024K), 1 survivors (1024K)
 Metaspace       used 6397K, committed 6592K, reserved 1064960K
  class space    used 771K, committed 832K, reserved 1048576K
}
Event: 0.807 GC heap before
{Heap before GC invocations=3 (full 0):
 garbage-first heap   total 8192K, used 2386K [0x00000000c5400000, 0x0000000100000000)
  region size 1024K, 2 young (2048K), 1 survivors (1024K)
 Metaspace       used 7681K, committed 7808K, reserved 1064960K
  class space    used 893K, committed 960K, reserved 1048576K
}
Event: 0.809 GC heap after
{Heap after GC invocations=4 (full 0):
 garbage-first heap   total 8192K, used 2667K [0x00000000c5400000, 0x0000000100000000)
  region size 1024K, 1 young (1024K), 1 survivors (1024K)
 Metaspace       used 7681K, committed 7808K, reserved 1064960K
  class space    used 893K, committed 960K, reserved 1048576K
}
Event: 0.948 GC heap before
{Heap before GC invocations=4 (full 0):
 garbage-first heap   total 8192K, used 3691K [0x00000000c5400000, 0x0000000100000000)
  region size 1024K, 2 young (2048K), 1 survivors (1024K)
 Metaspace       used 7842K, committed 8000K, reserved 1064960K
  class space    used 893K, committed 960K, reserved 1048576K
}
Event: 0.950 GC heap after
{Heap after GC invocations=5 (full 0):
 garbage-first heap   total 8192K, used 2857K [0x00000000c5400000, 0x0000000100000000)
  region size 1024K, 1 young (1024K), 1 survivors (1024K)
 Metaspace       used 7842K, committed 8000K, reserved 1064960K
  class space    used 893K, committed 960K, reserved 1048576K
}
Event: 1.085 GC heap before
{Heap before GC invocations=5 (full 0):
 garbage-first heap   total 8192K, used 3881K [0x00000000c5400000, 0x0000000100000000)
  region size 1024K, 2 young (2048K), 1 survivors (1024K)
 Metaspace       used 7895K, committed 8000K, reserved 1064960K
  class space    used 897K, committed 960K, reserved 1048576K
}
Event: 1.087 GC heap after
{Heap after GC invocations=6 (full 0):
 garbage-first heap   total 10240K, used 3050K [0x00000000c5400000, 0x0000000100000000)
  region size 1024K, 1 young (1024K), 1 survivors (1024K)
 Metaspace       used 7895K, committed 8000K, reserved 1064960K
  class space    used 897K, committed 960K, reserved 1048576K
}

