# JRE version: Java(TM) SE Runtime Environment (17.0.4.1+1) (build 17.0.4.1+1-LTS-2)
# Java VM: Java HotSpot(TM) 64-Bit Server VM (17.0.4.1+1-LTS-2, mixed mode, sharing, tiered, compressed oops, compressed class ptrs, g1 gc, windows-amd64)
GC Precious Log:
 CPUs: 4 total, 4 available
 Memory: 3753M
 Large Page Support: Disabled
 NUMA Support: Disabled
 Compressed Oops: Enabled (32-bit)
 Heap Region Size: 1M
 Heap Min Capacity: 8M
 Heap Initial Capacity: 8M
 Heap Max Capacity: 940M
 Pre-touch: Disabled
 Parallel Workers: 4
 Concurrent Workers: 1
 Concurrent Refinement Workers: 4
 Periodic GC: Disabled
Heap:
 garbage-first heap   total 18432K, used 10513K [0x00000000c5400000, 0x0000000100000000)
  region size 1024K, 5 young (5120K), 1 survivors (1024K)
 Metaspace       used 10750K, committed 11008K, reserved 1064960K
  class space    used 1165K, committed 1280K, reserved 1048576K
GC Heap History (20 events):
Event: 4.703 GC heap before
{Heap before GC invocations=7 (full 0):
 garbage-first heap   total 8192K, used 4275K [0x00000000c5400000, 0x0000000100000000)
  region size 1024K, 2 young (2048K), 1 survivors (1024K)
 Metaspace       used 8040K, committed 8256K, reserved 1064960K
  class space    used 906K, committed 1024K, reserved 1048576K
}
Event: 4.705 GC heap after
{Heap after GC invocations=8 (full 0):
 garbage-first heap   total 8192K, used 3440K [0x00000000c5400000, 0x0000000100000000)
  region size 1024K, 1 young (1024K), 1 survivors (1024K)
 Metaspace       used 8040K, committed 8256K, reserved 1064960K
  class space    used 906K, committed 1024K, reserved 1048576K
}
Event: 4.868 GC heap before
{Heap before GC invocations=8 (full 0):
 garbage-first heap   total 8192K, used 4464K [0x00000000c5400000, 0x0000000100000000)
  region size 1024K, 2 young (2048K), 1 survivors (1024K)
 Metaspace       used 8122K, committed 8320K, reserved 1064960K
  class space    used 916K, committed 1024K, reserved 1048576K
}
Event: 4.871 GC heap after
{Heap after GC invocations=9 (full 0):
 garbage-first heap   total 8192K, used 3671K [0x00000000c5400000, 0x0000000100000000)
  region size 1024K, 1 young (1024K), 1 survivors (1024K)
 Metaspace       used 8122K, committed 8320K, reserved 1064960K
  class space    used 916K, committed 1024K, reserved 1048576K
}
Event: 4.959 GC heap before
{Heap before GC invocations=9 (full 0):
 garbage-first heap   total 8192K, used 4695K [0x00000000c5400000, 0x0000000100000000)
  region size 1024K, 2 young (2048K), 1 survivors (1024K)
 Metaspace       used 8242K, committed 8384K, reserved 1064960K
  class space    used 931K, committed 1024K, reserved 1048576K
}
Event: 4.962 GC heap after
{Heap after GC invocations=10 (full 0):
 garbage-first heap   total 10240K, used 3896K [0x00000000c5400000, 0x0000000100000000)
  region size 1024K, 1 young (1024K), 1 survivors (1024K)
 Metaspace       used 8242K, committed 8384K, reserved 1064960K
  class space    used 931K, committed 1024K, reserved 1048576K
}
Event: 5.118 GC heap before
{Heap before GC invocations=10 (full 0):
 garbage-first heap   total 10240K, used 5944K [0x00000000c5400000, 0x0000000100000000)
  region size 1024K, 3 young (3072K), 1 survivors (1024K)
 Metaspace       used 8322K, committed 8512K, reserved 1064960K
  class space    used 935K, committed 1024K, reserved 1048576K
}
Event: 5.122 GC heap after
{Heap after GC invocations=11 (full 0):
 garbage-first heap   total 10240K, used 4219K [0x00000000c5400000, 0x0000000100000000)
  region size 1024K, 1 young (1024K), 1 survivors (1024K)
 Metaspace       used 8322K, committed 8512K, reserved 1064960K
  class space    used 935K, committed 1024K, reserved 1048576K
}
Event: 5.135 GC heap before
{Heap before GC invocations=11 (full 0):
 garbage-first heap   total 10240K, used 6267K [0x00000000c5400000, 0x0000000100000000)
  region size 1024K, 3 young (3072K), 1 survivors (1024K)
 Metaspace       used 8322K, committed 8512K, reserved 1064960K
  class space    used 935K, committed 1024K, reserved 1048576K
}
Event: 5.137 GC heap after
{Heap after GC invocations=12 (full 0):
 garbage-first heap   total 10240K, used 4563K [0x00000000c5400000, 0x0000000100000000)
  region size 1024K, 1 young (1024K), 1 survivors (1024K)
 Metaspace       used 8322K, committed 8512K, reserved 1064960K
  class space    used 935K, committed 1024K, reserved 1048576K
}
Event: 5.200 GC heap before
{Heap before GC invocations=12 (full 0):
 garbage-first heap   total 10240K, used 6611K [0x00000000c5400000, 0x0000000100000000)
  region size 1024K, 3 young (3072K), 1 survivors (1024K)
 Metaspace       used 8349K, committed 8512K, reserved 1064960K
  class space    used 937K, committed 1024K, reserved 1048576K
}
Event: 5.204 GC heap after
{Heap after GC invocations=13 (full 0):
 garbage-first heap   total 10240K, used 4851K [0x00000000c5400000, 0x0000000100000000)
  region size 1024K, 1 young (1024K), 1 survivors (1024K)
 Metaspace       used 8349K, committed 8512K, reserved 1064960K
  class space    used 937K, committed 1024K, reserved 1048576K
}
Event: 5.210 GC heap before
{Heap before GC invocations=13 (full 0):
 garbage-first heap   total 10240K, used 5875K [0x00000000c5400000, 0x0000000100000000)
  region size 1024K, 2 young (2048K), 1 survivors (1024K)
 Metaspace       used 8349K, committed 8512K, reserved 1064960K
  class space    used 937K, committed 1024K, reserved 1048576K
}
Event: 5.214 GC heap after
{Heap after GC invocations=14 (full 0):
 garbage-first heap   total 18432K, used 5012K [0x00000000c5400000, 0x0000000100000000)
  region size 1024K, 1 young (1024K), 1 survivors (1024K)
 Metaspace       used 8349K, committed 8512K, reserved 1064960K
  class space    used 937K, committed 1024K, reserved 1048576K
}
Event: 6.252 GC heap before
{Heap before GC invocations=15 (full 0):
 garbage-first heap   total 18432K, used 11156K [0x00000000c5400000, 0x0000000100000000)
  region size 1024K, 7 young (7168K), 1 survivors (1024K)
 Metaspace       used 9172K, committed 9408K, reserved 1064960K
  class space    used 1028K, committed 1152K, reserved 1048576K
}
Event: 6.259 GC heap after
{Heap after GC invocations=16 (full 0):
 garbage-first heap   total 18432K, used 6289K [0x00000000c5400000, 0x0000000100000000)
  region size 1024K, 1 young (1024K), 1 survivors (1024K)
 Metaspace       used 9172K, committed 9408K, reserved 1064960K
  class space    used 1028K, committed 1152K, reserved 1048576K
}
Event: 7.598 GC heap before
{Heap before GC invocations=16 (full 0):
 garbage-first heap   total 18432K, used 9361K [0x00000000c5400000, 0x0000000100000000)
  region size 1024K, 5 young (5120K), 1 survivors (1024K)
 Metaspace       used 10134K, committed 10368K, reserved 1064960K
  class space    used 1112K, committed 1216K, reserved 1048576K
}
Event: 7.604 GC heap after
{Heap after GC invocations=17 (full 0):
 garbage-first heap   total 18432K, used 6860K [0x00000000c5400000, 0x0000000100000000)
  region size 1024K, 1 young (1024K), 1 survivors (1024K)
 Metaspace       used 10134K, committed 10368K, reserved 1064960K
  class space    used 1112K, committed 1216K, reserved 1048576K
}
Event: 8.207 GC heap before
{Heap before GC invocations=17 (full 0):
 garbage-first heap   total 18432K, used 10956K [0x00000000c5400000, 0x0000000100000000)
  region size 1024K, 5 young (5120K), 1 survivors (1024K)
 Metaspace       used 10552K, committed 10752K, reserved 1064960K
  class space    used 1157K, committed 1280K, reserved 1048576K
}
Event: 8.213 GC heap after
{Heap after GC invocations=18 (full 0):
 garbage-first heap   total 18432K, used 7441K [0x00000000c5400000, 0x0000000100000000)
  region size 1024K, 1 young (1024K), 1 survivors (1024K)
 Metaspace       used 10552K, committed 10752K, reserved 1064960K
  class space    used 1157K, committed 1280K, reserved 1048576K
}

